0 info it worked if it ends with ok
1 verbose cli [ 'node', '/usr/local/bin/npm', 'install', '-g', 'browse' ]
2 info using npm@2.10.1
3 info using node@v0.12.4
4 verbose install initial load of /usr/local/lib/package.json
5 verbose readDependencies loading dependencies from /usr/local/lib/package.json
6 silly cache add args [ 'browse', null ]
7 verbose cache add spec browse
8 silly cache add parsed spec { raw: 'browse',
8 silly cache add   scope: null,
8 silly cache add   name: 'browse',
8 silly cache add   rawSpec: '',
8 silly cache add   spec: '*',
8 silly cache add   type: 'range' }
9 silly addNamed browse@*
10 verbose addNamed "*" is a valid semver range for browse
11 silly addNameRange { name: 'browse', range: '*', hasData: false }
12 silly mapToRegistry name browse
13 silly mapToRegistry using default registry
14 silly mapToRegistry registry https://registry.npmjs.org/
15 silly mapToRegistry uri https://registry.npmjs.org/browse
16 verbose addNameRange registry:https://registry.npmjs.org/browse not in flight; fetching
17 verbose request uri https://registry.npmjs.org/browse
18 verbose request no auth needed
19 info attempt registry request try #1 at 2:45:50 PM
20 verbose request id d0439ac763e47920
21 http request GET https://registry.npmjs.org/browse
22 http 200 https://registry.npmjs.org/browse
23 silly get cb [ 200,
23 silly get   { server: 'CouchDB/1.5.0 (Erlang OTP/R16B03)',
23 silly get     etag: '"3ZZASIJRH3FU9QYXNXJX3R361"',
23 silly get     'content-type': 'application/json',
23 silly get     'cache-control': 'max-age=300',
23 silly get     'content-length': '12006',
23 silly get     'accept-ranges': 'bytes',
23 silly get     date: 'Thu, 11 Feb 2016 20:45:51 GMT',
23 silly get     via: '1.1 varnish',
23 silly get     age: '0',
23 silly get     connection: 'keep-alive',
23 silly get     'x-served-by': 'cache-ord1730-ORD',
23 silly get     'x-cache': 'MISS',
23 silly get     'x-cache-hits': '0',
23 silly get     'x-timer': 'S1455223551.192864,VS0,VE155',
23 silly get     vary: 'Accept' } ]
24 verbose get saving browse to /Users/jwbackes/.npm/registry.npmjs.org/browse/.cache.json
25 silly addNameRange number 2 { name: 'browse', range: '*', hasData: true }
26 silly addNameRange versions [ 'browse',
26 silly addNameRange   [ '0.0.1',
26 silly addNameRange     '0.0.2',
26 silly addNameRange     '0.0.3',
26 silly addNameRange     '0.0.4',
26 silly addNameRange     '0.1.0',
26 silly addNameRange     '0.1.1',
26 silly addNameRange     '0.2.0',
26 silly addNameRange     '0.2.1',
26 silly addNameRange     '0.2.2',
26 silly addNameRange     '0.2.3',
26 silly addNameRange     '0.3.0',
26 silly addNameRange     '0.3.1' ] ]
27 silly addNamed browse@0.3.1
28 verbose addNamed "0.3.1" is a plain semver version for browse
29 silly mapToRegistry name browse
30 silly mapToRegistry using default registry
31 silly mapToRegistry registry https://registry.npmjs.org/
32 silly mapToRegistry uri https://registry.npmjs.org/browse
33 verbose addRemoteTarball https://registry.npmjs.org/browse/-/browse-0.3.1.tgz not in flight; adding
34 verbose addRemoteTarball [ 'https://registry.npmjs.org/browse/-/browse-0.3.1.tgz',
34 verbose addRemoteTarball   'e4469155b2570ee63bb2dd27ef44fa371190a457' ]
35 info retry fetch attempt 1 at 2:45:51 PM
36 info attempt registry request try #1 at 2:45:51 PM
37 http fetch GET https://registry.npmjs.org/browse/-/browse-0.3.1.tgz
38 http fetch 200 https://registry.npmjs.org/browse/-/browse-0.3.1.tgz
39 silly fetchAndShaCheck shasum e4469155b2570ee63bb2dd27ef44fa371190a457
40 verbose addTmpTarball /var/folders/zp/6kbz3n0j6jb19ptk2kznrbdw0000gn/T/npm-49834-eae0e74f/registry.npmjs.org/browse/-/browse-0.3.1.tgz not in flight; adding
41 verbose addTmpTarball already have metadata; skipping unpack for browse@0.3.1
42 silly cache afterAdd browse@0.3.1
43 verbose afterAdd /Users/jwbackes/.npm/browse/0.3.1/package/package.json not in flight; writing
44 verbose afterAdd /Users/jwbackes/.npm/browse/0.3.1/package/package.json written
45 silly install resolved [ { name: 'browse',
45 silly install resolved     version: '0.3.1',
45 silly install resolved     description: 'Terminal commands to launch your preferred browser (or any app) in full-screen mode',
45 silly install resolved     repository: { type: 'git', url: 'https://github.com/75lb/browse' },
45 silly install resolved     author: { name: 'Lloyd Brookes' },
45 silly install resolved     bin:
45 silly install resolved      { ca: 'script/canary.sh',
45 silly install resolved        ch: 'script/chrome.sh',
45 silly install resolved        ff: 'script/firefox.sh',
45 silly install resolved        sf: 'script/safari.sh',
45 silly install resolved        ccf: 'script/cmd+ctrl+f.applescript',
45 silly install resolved        csf: 'script/cmd+shft+f.applescript' },
45 silly install resolved     gitHead: '3e0d08555ceab6ff534eaafe069daf9b589a8d82',
45 silly install resolved     bugs: { url: 'https://github.com/75lb/browse/issues' },
45 silly install resolved     homepage: 'https://github.com/75lb/browse',
45 silly install resolved     _id: 'browse@0.3.1',
45 silly install resolved     scripts: {},
45 silly install resolved     _shasum: 'e4469155b2570ee63bb2dd27ef44fa371190a457',
45 silly install resolved     _from: 'browse@*',
45 silly install resolved     _npmVersion: '1.4.16',
45 silly install resolved     _npmUser: { name: '75lb', email: '75pound@gmail.com' },
45 silly install resolved     maintainers: [ [Object] ],
45 silly install resolved     dist:
45 silly install resolved      { shasum: 'e4469155b2570ee63bb2dd27ef44fa371190a457',
45 silly install resolved        tarball: 'http://registry.npmjs.org/browse/-/browse-0.3.1.tgz' },
45 silly install resolved     directories: {},
45 silly install resolved     _resolved: 'https://registry.npmjs.org/browse/-/browse-0.3.1.tgz' } ]
46 info install browse@0.3.1 into /usr/local/lib
47 info installOne browse@0.3.1
48 verbose installOne of browse to /usr/local/lib not in flight; installing
49 verbose lock using /Users/jwbackes/.npm/_locks/browse-b1bb4de9428ac816.lock for /usr/local/lib/node_modules/browse
50 silly install write writing browse 0.3.1 to /usr/local/lib/node_modules/browse
51 verbose unbuild lib/node_modules/browse
52 silly gentlyRm /usr/local/lib/node_modules/browse is being purged from base /usr/local
53 verbose gentlyRm don't care about contents; nuking /usr/local/lib/node_modules/browse
54 verbose tar unpack /Users/jwbackes/.npm/browse/0.3.1/package.tgz
55 verbose tar unpacking to /usr/local/lib/node_modules/browse
56 silly gentlyRm /usr/local/lib/node_modules/browse is being purged
57 verbose gentlyRm don't care about contents; nuking /usr/local/lib/node_modules/browse
58 silly gunzTarPerm modes [ '755', '644' ]
59 error tar.unpack untar error /Users/jwbackes/.npm/browse/0.3.1/package.tgz
60 verbose unlock done using /Users/jwbackes/.npm/_locks/browse-b1bb4de9428ac816.lock for /usr/local/lib/node_modules/browse
61 verbose fstream_path /usr/local/lib/node_modules/browse
62 verbose fstream_type Directory
63 verbose fstream_class DirWriter
64 verbose stack Error: EACCES, mkdir '/usr/local/lib/node_modules/browse'
64 verbose stack     at Error (native)
65 verbose fstream_stack /usr/local/lib/node_modules/npm/node_modules/fstream/lib/dir-writer.js:35:25
65 verbose fstream_stack /usr/local/lib/node_modules/npm/node_modules/mkdirp/index.js:47:53
65 verbose fstream_stack FSReqWrap.oncomplete (fs.js:95:15)
66 verbose cwd /Users/jwbackes/fullstack/foundations/guessing-game
67 error Darwin 15.3.0
68 error argv "node" "/usr/local/bin/npm" "install" "-g" "browse"
69 error node v0.12.4
70 error npm  v2.10.1
71 error path /usr/local/lib/node_modules/browse
72 error code EACCES
73 error errno -13
74 error Error: EACCES, mkdir '/usr/local/lib/node_modules/browse'
74 error     at Error (native)
74 error  { [Error: EACCES, mkdir '/usr/local/lib/node_modules/browse']
74 error   errno: -13,
74 error   code: 'EACCES',
74 error   path: '/usr/local/lib/node_modules/browse',
74 error   fstream_type: 'Directory',
74 error   fstream_path: '/usr/local/lib/node_modules/browse',
74 error   fstream_class: 'DirWriter',
74 error   fstream_stack:
74 error    [ '/usr/local/lib/node_modules/npm/node_modules/fstream/lib/dir-writer.js:35:25',
74 error      '/usr/local/lib/node_modules/npm/node_modules/mkdirp/index.js:47:53',
74 error      'FSReqWrap.oncomplete (fs.js:95:15)' ] }
75 error Please try running this command again as root/Administrator.
76 verbose exit [ -13, true ]
77 verbose unbuild lib/node_modules/browse
78 silly gentlyRm /usr/local/lib/node_modules/browse is being purged from base /usr/local
79 verbose gentlyRm don't care about contents; nuking /usr/local/lib/node_modules/browse
